build/app/intermediates/manifest_merge_blame_file/release/manifest-merger-blame-release-report.txt
1<?xml version="1.0" encoding="utf-8"?>
2<manifest xmlns:android="http://schemas.android.com/apk/res/android"
3    package="com.mobile.sisater.teste"
4    android:versionCode="1"
5    android:versionName="1.0.0" >
6
7    <uses-sdk
8        android:minSdkVersion="21"
9        android:targetSdkVersion="35" />
10
11    <!-- Permissions for video_player -->
12    <uses-permission android:name="android.permission.INTERNET" />
12-->src\main\AndroidManifest.xml:5:5-67
12-->src\main\AndroidManifest.xml:5:22-64
13    <uses-permission android:name="android.permission.ACCESS_NETWORK_STATE" />
13-->src\main\AndroidManifest.xml:6:5-79
13-->src\main\AndroidManifest.xml:6:22-76
14    <uses-permission
14-->[:file_picker] AndroidManifest.xml:7:5-9:38
15        android:name="android.permission.READ_EXTERNAL_STORAGE"
15-->[:file_picker] AndroidManifest.xml:8:9-64
16        android:maxSdkVersion="32" />
16-->[:file_picker] AndroidManifest.xml:9:9-35
17
18    <queries>
18-->[:file_picker] AndroidManifest.xml:11:5-17:15
19        <intent>
19-->[:file_picker] AndroidManifest.xml:12:9-16:18
20            <action android:name="android.intent.action.GET_CONTENT" />
20-->[:file_picker] AndroidManifest.xml:13:13-72
20-->[:file_picker] AndroidManifest.xml:13:21-69
21
22            <data android:mimeType="*/*" />
22-->[:file_picker] AndroidManifest.xml:15:13-44
22-->[:file_picker] AndroidManifest.xml:15:19-41
23        </intent>
24        <intent>
24-->[:flutter_inappwebview_android] AndroidManifest.xml:8:9-10:18
25            <action android:name="android.support.customtabs.action.CustomTabsService" />
25-->[:flutter_inappwebview_android] AndroidManifest.xml:9:13-90
25-->[:flutter_inappwebview_android] AndroidManifest.xml:9:21-87
26        </intent>
27    </queries>
28
29    <uses-permission android:name="android.permission.ACCESS_COARSE_LOCATION" />
29-->[:location] AndroidManifest.xml:7:5-81
29-->[:location] AndroidManifest.xml:7:22-78
30    <uses-permission android:name="android.permission.ACCESS_FINE_LOCATION" />
30-->[:location] AndroidManifest.xml:8:5-79
30-->[:location] AndroidManifest.xml:8:22-76
31
32    <permission
32-->[androidx.core:core:1.13.1] AndroidManifest.xml:22:5-24:47
33        android:name="com.mobile.sisater.teste.DYNAMIC_RECEIVER_NOT_EXPORTED_PERMISSION"
33-->[androidx.core:core:1.13.1] AndroidManifest.xml:23:9-81
34        android:protectionLevel="signature" />
34-->[androidx.core:core:1.13.1] AndroidManifest.xml:24:9-44
35
36    <uses-permission android:name="com.mobile.sisater.teste.DYNAMIC_RECEIVER_NOT_EXPORTED_PERMISSION" />
36-->[androidx.core:core:1.13.1] AndroidManifest.xml:26:5-97
36-->[androidx.core:core:1.13.1] AndroidManifest.xml:26:22-94
37
38    <application
39        android:name="android.app.Application"
39-->src\main\AndroidManifest.xml:10:9-42
40        android:appComponentFactory="androidx.core.app.CoreComponentFactory"
40-->[androidx.core:core:1.13.1] AndroidManifest.xml:28:18-86
41        android:enableOnBackInvokedCallback="true"
41-->src\main\AndroidManifest.xml:12:9-51
42        android:extractNativeLibs="true"
43        android:icon="@mipmap/launcher_icon"
43-->src\main\AndroidManifest.xml:11:9-45
44        android:label="SISATER Pai DÉgua" >
44-->src\main\AndroidManifest.xml:9:9-42
45        <activity
45-->src\main\AndroidManifest.xml:13:9-33:20
46            android:name="com.mobile.sisater.teste.MainActivity"
46-->src\main\AndroidManifest.xml:14:13-41
47            android:configChanges="orientation|keyboardHidden|keyboard|screenSize|smallestScreenSize|locale|layoutDirection|fontScale|screenLayout|density|uiMode"
47-->src\main\AndroidManifest.xml:18:13-163
48            android:exported="true"
48-->src\main\AndroidManifest.xml:15:13-36
49            android:hardwareAccelerated="true"
49-->src\main\AndroidManifest.xml:19:13-47
50            android:launchMode="singleTop"
50-->src\main\AndroidManifest.xml:16:13-43
51            android:theme="@style/LaunchTheme"
51-->src\main\AndroidManifest.xml:17:13-47
52            android:windowSoftInputMode="adjustResize" >
52-->src\main\AndroidManifest.xml:20:13-55
53
54            <!--
55                 Specifies an Android theme to apply to this Activity as soon as
56                 the Android process has started. This theme is visible to the user
57                 while the Flutter UI initializes. After that, this theme continues
58                 to determine the Window background behind the Flutter UI.
59            -->
60            <meta-data
60-->src\main\AndroidManifest.xml:25:13-28:17
61                android:name="io.flutter.embedding.android.NormalTheme"
61-->src\main\AndroidManifest.xml:26:15-70
62                android:resource="@style/NormalTheme" />
62-->src\main\AndroidManifest.xml:27:15-52
63
64            <intent-filter>
64-->src\main\AndroidManifest.xml:29:13-32:29
65                <action android:name="android.intent.action.MAIN" />
65-->src\main\AndroidManifest.xml:30:17-68
65-->src\main\AndroidManifest.xml:30:25-66
66
67                <category android:name="android.intent.category.LAUNCHER" />
67-->src\main\AndroidManifest.xml:31:17-76
67-->src\main\AndroidManifest.xml:31:27-74
68            </intent-filter>
69        </activity>
70        <!--
71             Don't delete the meta-data below.
72             This is used by the Flutter tool to generate GeneratedPluginRegistrant.java
73        -->
74        <meta-data
74-->src\main\AndroidManifest.xml:36:9-38:33
75            android:name="flutterEmbedding"
75-->src\main\AndroidManifest.xml:37:13-44
76            android:value="2" />
76-->src\main\AndroidManifest.xml:38:13-30
77
78        <service
78-->[:firebase_crashlytics] AndroidManifest.xml:8:9-12:19
79            android:name="com.google.firebase.components.ComponentDiscoveryService"
79-->[:firebase_crashlytics] AndroidManifest.xml:8:18-89
80            android:directBootAware="true"
80-->[com.google.firebase:firebase-common:21.0.0] AndroidManifest.xml:32:13-43
81            android:exported="false" >
81-->[com.google.firebase:firebase-crashlytics:19.2.1] AndroidManifest.xml:14:13-37
82            <meta-data
82-->[:firebase_crashlytics] AndroidManifest.xml:9:13-11:85
83                android:name="com.google.firebase.components:io.flutter.plugins.firebase.crashlytics.FlutterFirebaseAppRegistrar"
83-->[:firebase_crashlytics] AndroidManifest.xml:10:17-130
84                android:value="com.google.firebase.components.ComponentRegistrar" />
84-->[:firebase_crashlytics] AndroidManifest.xml:11:17-82
85            <meta-data
85-->[:firebase_core] AndroidManifest.xml:9:13-11:85
86                android:name="com.google.firebase.components:io.flutter.plugins.firebase.core.FlutterFirebaseCoreRegistrar"
86-->[:firebase_core] AndroidManifest.xml:10:17-124
87                android:value="com.google.firebase.components.ComponentRegistrar" />
87-->[:firebase_core] AndroidManifest.xml:11:17-82
88            <meta-data
88-->[com.google.firebase:firebase-crashlytics:19.2.1] AndroidManifest.xml:15:13-17:85
89                android:name="com.google.firebase.components:com.google.firebase.crashlytics.FirebaseCrashlyticsKtxRegistrar"
89-->[com.google.firebase:firebase-crashlytics:19.2.1] AndroidManifest.xml:16:17-126
90                android:value="com.google.firebase.components.ComponentRegistrar" />
90-->[com.google.firebase:firebase-crashlytics:19.2.1] AndroidManifest.xml:17:17-82
91            <meta-data
91-->[com.google.firebase:firebase-crashlytics:19.2.1] AndroidManifest.xml:18:13-20:85
92                android:name="com.google.firebase.components:com.google.firebase.crashlytics.CrashlyticsRegistrar"
92-->[com.google.firebase:firebase-crashlytics:19.2.1] AndroidManifest.xml:19:17-115
93                android:value="com.google.firebase.components.ComponentRegistrar" />
93-->[com.google.firebase:firebase-crashlytics:19.2.1] AndroidManifest.xml:20:17-82
94            <meta-data
94-->[com.google.firebase:firebase-sessions:2.0.6] AndroidManifest.xml:29:13-31:85
95                android:name="com.google.firebase.components:com.google.firebase.sessions.FirebaseSessionsRegistrar"
95-->[com.google.firebase:firebase-sessions:2.0.6] AndroidManifest.xml:30:17-117
96                android:value="com.google.firebase.components.ComponentRegistrar" />
96-->[com.google.firebase:firebase-sessions:2.0.6] AndroidManifest.xml:31:17-82
97            <meta-data
97-->[com.google.firebase:firebase-installations:18.0.0] AndroidManifest.xml:15:13-17:85
98                android:name="com.google.firebase.components:com.google.firebase.installations.FirebaseInstallationsKtxRegistrar"
98-->[com.google.firebase:firebase-installations:18.0.0] AndroidManifest.xml:16:17-130
99                android:value="com.google.firebase.components.ComponentRegistrar" />
99-->[com.google.firebase:firebase-installations:18.0.0] AndroidManifest.xml:17:17-82
100            <meta-data
100-->[com.google.firebase:firebase-installations:18.0.0] AndroidManifest.xml:18:13-20:85
101                android:name="com.google.firebase.components:com.google.firebase.installations.FirebaseInstallationsRegistrar"
101-->[com.google.firebase:firebase-installations:18.0.0] AndroidManifest.xml:19:17-127
102                android:value="com.google.firebase.components.ComponentRegistrar" />
102-->[com.google.firebase:firebase-installations:18.0.0] AndroidManifest.xml:20:17-82
103            <meta-data
103-->[com.google.firebase:firebase-common-ktx:21.0.0] AndroidManifest.xml:12:13-14:85
104                android:name="com.google.firebase.components:com.google.firebase.ktx.FirebaseCommonLegacyRegistrar"
104-->[com.google.firebase:firebase-common-ktx:21.0.0] AndroidManifest.xml:13:17-116
105                android:value="com.google.firebase.components.ComponentRegistrar" />
105-->[com.google.firebase:firebase-common-ktx:21.0.0] AndroidManifest.xml:14:17-82
106            <meta-data
106-->[com.google.firebase:firebase-common:21.0.0] AndroidManifest.xml:35:13-37:85
107                android:name="com.google.firebase.components:com.google.firebase.FirebaseCommonKtxRegistrar"
107-->[com.google.firebase:firebase-common:21.0.0] AndroidManifest.xml:36:17-109
108                android:value="com.google.firebase.components.ComponentRegistrar" />
108-->[com.google.firebase:firebase-common:21.0.0] AndroidManifest.xml:37:17-82
109            <meta-data
109-->[com.google.firebase:firebase-datatransport:19.0.0] AndroidManifest.xml:25:13-27:85
110                android:name="com.google.firebase.components:com.google.firebase.datatransport.TransportRegistrar"
110-->[com.google.firebase:firebase-datatransport:19.0.0] AndroidManifest.xml:26:17-115
111                android:value="com.google.firebase.components.ComponentRegistrar" />
111-->[com.google.firebase:firebase-datatransport:19.0.0] AndroidManifest.xml:27:17-82
112        </service>
113
114        <activity
114-->[:flutter_inappwebview_android] AndroidManifest.xml:14:9-18:47
115            android:name="com.pichillilorenzo.flutter_inappwebview_android.in_app_browser.InAppBrowserActivity"
115-->[:flutter_inappwebview_android] AndroidManifest.xml:15:13-112
116            android:configChanges="orientation|keyboardHidden|keyboard|screenSize|locale|layoutDirection|fontScale|screenLayout|density"
116-->[:flutter_inappwebview_android] AndroidManifest.xml:16:13-137
117            android:exported="false"
117-->[:flutter_inappwebview_android] AndroidManifest.xml:17:13-37
118            android:theme="@style/AppTheme" />
118-->[:flutter_inappwebview_android] AndroidManifest.xml:18:13-44
119        <activity
119-->[:flutter_inappwebview_android] AndroidManifest.xml:19:9-22:55
120            android:name="com.pichillilorenzo.flutter_inappwebview_android.chrome_custom_tabs.ChromeCustomTabsActivity"
120-->[:flutter_inappwebview_android] AndroidManifest.xml:20:13-120
121            android:exported="false"
121-->[:flutter_inappwebview_android] AndroidManifest.xml:21:13-37
122            android:theme="@style/ThemeTransparent" />
122-->[:flutter_inappwebview_android] AndroidManifest.xml:22:13-52
123        <activity
123-->[:flutter_inappwebview_android] AndroidManifest.xml:23:9-26:55
124            android:name="com.pichillilorenzo.flutter_inappwebview_android.chrome_custom_tabs.TrustedWebActivity"
124-->[:flutter_inappwebview_android] AndroidManifest.xml:24:13-114
125            android:exported="false"
125-->[:flutter_inappwebview_android] AndroidManifest.xml:25:13-37
126            android:theme="@style/ThemeTransparent" />
126-->[:flutter_inappwebview_android] AndroidManifest.xml:26:13-52
127        <activity
127-->[:flutter_inappwebview_android] AndroidManifest.xml:27:9-31:55
128            android:name="com.pichillilorenzo.flutter_inappwebview_android.chrome_custom_tabs.ChromeCustomTabsActivitySingleInstance"
128-->[:flutter_inappwebview_android] AndroidManifest.xml:28:13-134
129            android:exported="false"
129-->[:flutter_inappwebview_android] AndroidManifest.xml:29:13-37
130            android:launchMode="singleInstance"
130-->[:flutter_inappwebview_android] AndroidManifest.xml:30:13-48
131            android:theme="@style/ThemeTransparent" />
131-->[:flutter_inappwebview_android] AndroidManifest.xml:31:13-52
132        <activity
132-->[:flutter_inappwebview_android] AndroidManifest.xml:32:9-36:55
133            android:name="com.pichillilorenzo.flutter_inappwebview_android.chrome_custom_tabs.TrustedWebActivitySingleInstance"
133-->[:flutter_inappwebview_android] AndroidManifest.xml:33:13-128
134            android:exported="false"
134-->[:flutter_inappwebview_android] AndroidManifest.xml:34:13-37
135            android:launchMode="singleInstance"
135-->[:flutter_inappwebview_android] AndroidManifest.xml:35:13-48
136            android:theme="@style/ThemeTransparent" />
136-->[:flutter_inappwebview_android] AndroidManifest.xml:36:13-52
137
138        <receiver
138-->[:flutter_inappwebview_android] AndroidManifest.xml:38:9-41:40
139            android:name="com.pichillilorenzo.flutter_inappwebview_android.chrome_custom_tabs.ActionBroadcastReceiver"
139-->[:flutter_inappwebview_android] AndroidManifest.xml:39:13-119
140            android:enabled="true"
140-->[:flutter_inappwebview_android] AndroidManifest.xml:40:13-35
141            android:exported="false" />
141-->[:flutter_inappwebview_android] AndroidManifest.xml:41:13-37
142
143        <meta-data
143-->[:flutter_inappwebview_android] AndroidManifest.xml:43:9-45:36
144            android:name="io.flutter.embedded_views_preview"
144-->[:flutter_inappwebview_android] AndroidManifest.xml:44:13-61
145            android:value="true" />
145-->[:flutter_inappwebview_android] AndroidManifest.xml:45:13-33
146
147        <provider
147-->[:image_picker_android] AndroidManifest.xml:9:9-17:20
148            android:name="io.flutter.plugins.imagepicker.ImagePickerFileProvider"
148-->[:image_picker_android] AndroidManifest.xml:10:13-82
149            android:authorities="com.mobile.sisater.teste.flutter.image_provider"
149-->[:image_picker_android] AndroidManifest.xml:11:13-74
150            android:exported="false"
150-->[:image_picker_android] AndroidManifest.xml:12:13-37
151            android:grantUriPermissions="true" >
151-->[:image_picker_android] AndroidManifest.xml:13:13-47
152            <meta-data
152-->[:image_picker_android] AndroidManifest.xml:14:13-16:75
153                android:name="android.support.FILE_PROVIDER_PATHS"
153-->[:image_picker_android] AndroidManifest.xml:15:17-67
154                android:resource="@xml/flutter_image_picker_file_paths" />
154-->[:image_picker_android] AndroidManifest.xml:16:17-72
155        </provider> <!-- Trigger Google Play services to install the backported photo picker module. -->
156        <service
156-->[:image_picker_android] AndroidManifest.xml:19:9-31:19
157            android:name="com.google.android.gms.metadata.ModuleDependencies"
157-->[:image_picker_android] AndroidManifest.xml:20:13-78
158            android:enabled="false"
158-->[:image_picker_android] AndroidManifest.xml:21:13-36
159            android:exported="false" >
159-->[:image_picker_android] AndroidManifest.xml:22:13-37
160            <intent-filter>
160-->[:image_picker_android] AndroidManifest.xml:24:13-26:29
161                <action android:name="com.google.android.gms.metadata.MODULE_DEPENDENCIES" />
161-->[:image_picker_android] AndroidManifest.xml:25:17-94
161-->[:image_picker_android] AndroidManifest.xml:25:25-91
162            </intent-filter>
163
164            <meta-data
164-->[:image_picker_android] AndroidManifest.xml:28:13-30:36
165                android:name="photopicker_activity:0:required"
165-->[:image_picker_android] AndroidManifest.xml:29:17-63
166                android:value="" />
166-->[:image_picker_android] AndroidManifest.xml:30:17-33
167        </service>
168        <service
168-->[:location] AndroidManifest.xml:11:9-15:56
169            android:name="com.lyokone.location.FlutterLocationService"
169-->[:location] AndroidManifest.xml:12:13-71
170            android:enabled="true"
170-->[:location] AndroidManifest.xml:13:13-35
171            android:exported="false"
171-->[:location] AndroidManifest.xml:14:13-37
172            android:foregroundServiceType="location" />
172-->[:location] AndroidManifest.xml:15:13-53
173
174        <provider
174-->[:open_file_android] AndroidManifest.xml:9:9-19:20
175            android:name="com.crazecoder.openfile.FileProvider"
175-->[:open_file_android] AndroidManifest.xml:10:13-64
176            android:authorities="com.mobile.sisater.teste.fileProvider.com.crazecoder.openfile"
176-->[:open_file_android] AndroidManifest.xml:11:13-88
177            android:exported="false"
177-->[:open_file_android] AndroidManifest.xml:12:13-37
178            android:grantUriPermissions="true"
178-->[:open_file_android] AndroidManifest.xml:13:13-47
179            android:requestLegacyExternalStorage="true" >
179-->[:open_file_android] AndroidManifest.xml:14:13-56
180            <meta-data
180-->[:image_picker_android] AndroidManifest.xml:14:13-16:75
181                android:name="android.support.FILE_PROVIDER_PATHS"
181-->[:image_picker_android] AndroidManifest.xml:15:17-67
182                android:resource="@xml/filepaths" />
182-->[:image_picker_android] AndroidManifest.xml:16:17-72
183        </provider>
184        <!--
185           Declares a provider which allows us to store files to share in
186           '.../caches/share_plus' and grant the receiving action access
187        -->
188        <provider
188-->[:share_plus] AndroidManifest.xml:13:9-21:20
189            android:name="dev.fluttercommunity.plus.share.ShareFileProvider"
189-->[:share_plus] AndroidManifest.xml:14:13-77
190            android:authorities="com.mobile.sisater.teste.flutter.share_provider"
190-->[:share_plus] AndroidManifest.xml:15:13-74
191            android:exported="false"
191-->[:share_plus] AndroidManifest.xml:16:13-37
192            android:grantUriPermissions="true" >
192-->[:share_plus] AndroidManifest.xml:17:13-47
193            <meta-data
193-->[:image_picker_android] AndroidManifest.xml:14:13-16:75
194                android:name="android.support.FILE_PROVIDER_PATHS"
194-->[:image_picker_android] AndroidManifest.xml:15:17-67
195                android:resource="@xml/flutter_share_file_paths" />
195-->[:image_picker_android] AndroidManifest.xml:16:17-72
196        </provider>
197        <!--
198           This manifest declared broadcast receiver allows us to use an explicit
199           Intent when creating a PendingItent to be informed of the user's choice
200        -->
201        <receiver
201-->[:share_plus] AndroidManifest.xml:26:9-32:20
202            android:name="dev.fluttercommunity.plus.share.SharePlusPendingIntent"
202-->[:share_plus] AndroidManifest.xml:27:13-82
203            android:exported="false" >
203-->[:share_plus] AndroidManifest.xml:28:13-37
204            <intent-filter>
204-->[:share_plus] AndroidManifest.xml:29:13-31:29
205                <action android:name="EXTRA_CHOSEN_COMPONENT" />
205-->[:share_plus] AndroidManifest.xml:30:17-65
205-->[:share_plus] AndroidManifest.xml:30:25-62
206            </intent-filter>
207        </receiver>
208
209        <activity
209-->[:url_launcher_android] AndroidManifest.xml:8:9-11:74
210            android:name="io.flutter.plugins.urllauncher.WebViewActivity"
210-->[:url_launcher_android] AndroidManifest.xml:9:13-74
211            android:exported="false"
211-->[:url_launcher_android] AndroidManifest.xml:10:13-37
212            android:theme="@android:style/Theme.NoTitleBar.Fullscreen" />
212-->[:url_launcher_android] AndroidManifest.xml:11:13-71
213        <activity
213-->[com.google.android.gms:play-services-base:18.3.0] AndroidManifest.xml:20:9-22:45
214            android:name="com.google.android.gms.common.api.GoogleApiActivity"
214-->[com.google.android.gms:play-services-base:18.3.0] AndroidManifest.xml:20:19-85
215            android:exported="false"
215-->[com.google.android.gms:play-services-base:18.3.0] AndroidManifest.xml:22:19-43
216            android:theme="@android:style/Theme.Translucent.NoTitleBar" />
216-->[com.google.android.gms:play-services-base:18.3.0] AndroidManifest.xml:21:19-78
217
218        <service
218-->[com.google.firebase:firebase-sessions:2.0.6] AndroidManifest.xml:22:9-25:40
219            android:name="com.google.firebase.sessions.SessionLifecycleService"
219-->[com.google.firebase:firebase-sessions:2.0.6] AndroidManifest.xml:23:13-80
220            android:enabled="true"
220-->[com.google.firebase:firebase-sessions:2.0.6] AndroidManifest.xml:24:13-35
221            android:exported="false" />
221-->[com.google.firebase:firebase-sessions:2.0.6] AndroidManifest.xml:25:13-37
222
223        <provider
223-->[com.google.firebase:firebase-common:21.0.0] AndroidManifest.xml:23:9-28:39
224            android:name="com.google.firebase.provider.FirebaseInitProvider"
224-->[com.google.firebase:firebase-common:21.0.0] AndroidManifest.xml:24:13-77
225            android:authorities="com.mobile.sisater.teste.firebaseinitprovider"
225-->[com.google.firebase:firebase-common:21.0.0] AndroidManifest.xml:25:13-72
226            android:directBootAware="true"
226-->[com.google.firebase:firebase-common:21.0.0] AndroidManifest.xml:26:13-43
227            android:exported="false"
227-->[com.google.firebase:firebase-common:21.0.0] AndroidManifest.xml:27:13-37
228            android:initOrder="100" />
228-->[com.google.firebase:firebase-common:21.0.0] AndroidManifest.xml:28:13-36
229        <provider
229-->[androidx.emoji2:emoji2:1.2.0] AndroidManifest.xml:24:9-32:20
230            android:name="androidx.startup.InitializationProvider"
230-->[androidx.emoji2:emoji2:1.2.0] AndroidManifest.xml:25:13-67
231            android:authorities="com.mobile.sisater.teste.androidx-startup"
231-->[androidx.emoji2:emoji2:1.2.0] AndroidManifest.xml:26:13-68
232            android:exported="false" >
232-->[androidx.emoji2:emoji2:1.2.0] AndroidManifest.xml:27:13-37
233            <meta-data
233-->[androidx.emoji2:emoji2:1.2.0] AndroidManifest.xml:29:13-31:52
234                android:name="androidx.emoji2.text.EmojiCompatInitializer"
234-->[androidx.emoji2:emoji2:1.2.0] AndroidManifest.xml:30:17-75
235                android:value="androidx.startup" />
235-->[androidx.emoji2:emoji2:1.2.0] AndroidManifest.xml:31:17-49
236            <meta-data
236-->[androidx.lifecycle:lifecycle-process:2.7.0] AndroidManifest.xml:29:13-31:52
237                android:name="androidx.lifecycle.ProcessLifecycleInitializer"
237-->[androidx.lifecycle:lifecycle-process:2.7.0] AndroidManifest.xml:30:17-78
238                android:value="androidx.startup" />
238-->[androidx.lifecycle:lifecycle-process:2.7.0] AndroidManifest.xml:31:17-49
239            <meta-data
239-->[androidx.profileinstaller:profileinstaller:1.3.1] AndroidManifest.xml:29:13-31:52
240                android:name="androidx.profileinstaller.ProfileInstallerInitializer"
240-->[androidx.profileinstaller:profileinstaller:1.3.1] AndroidManifest.xml:30:17-85
241                android:value="androidx.startup" />
241-->[androidx.profileinstaller:profileinstaller:1.3.1] AndroidManifest.xml:31:17-49
242        </provider>
243
244        <uses-library
244-->[androidx.window:window:1.2.0] AndroidManifest.xml:23:9-25:40
245            android:name="androidx.window.extensions"
245-->[androidx.window:window:1.2.0] AndroidManifest.xml:24:13-54
246            android:required="false" />
246-->[androidx.window:window:1.2.0] AndroidManifest.xml:25:13-37
247        <uses-library
247-->[androidx.window:window:1.2.0] AndroidManifest.xml:26:9-28:40
248            android:name="androidx.window.sidecar"
248-->[androidx.window:window:1.2.0] AndroidManifest.xml:27:13-51
249            android:required="false" />
249-->[androidx.window:window:1.2.0] AndroidManifest.xml:28:13-37
250
251        <meta-data
251-->[com.google.android.gms:play-services-basement:18.3.0] AndroidManifest.xml:21:9-23:69
252            android:name="com.google.android.gms.version"
252-->[com.google.android.gms:play-services-basement:18.3.0] AndroidManifest.xml:22:13-58
253            android:value="@integer/google_play_services_version" />
253-->[com.google.android.gms:play-services-basement:18.3.0] AndroidManifest.xml:23:13-66
254
255        <receiver
255-->[androidx.profileinstaller:profileinstaller:1.3.1] AndroidManifest.xml:34:9-52:20
256            android:name="androidx.profileinstaller.ProfileInstallReceiver"
256-->[androidx.profileinstaller:profileinstaller:1.3.1] AndroidManifest.xml:35:13-76
257            android:directBootAware="false"
257-->[androidx.profileinstaller:profileinstaller:1.3.1] AndroidManifest.xml:36:13-44
258            android:enabled="true"
258-->[androidx.profileinstaller:profileinstaller:1.3.1] AndroidManifest.xml:37:13-35
259            android:exported="true"
259-->[androidx.profileinstaller:profileinstaller:1.3.1] AndroidManifest.xml:38:13-36
260            android:permission="android.permission.DUMP" >
260-->[androidx.profileinstaller:profileinstaller:1.3.1] AndroidManifest.xml:39:13-57
261            <intent-filter>
261-->[androidx.profileinstaller:profileinstaller:1.3.1] AndroidManifest.xml:40:13-42:29
262                <action android:name="androidx.profileinstaller.action.INSTALL_PROFILE" />
262-->[androidx.profileinstaller:profileinstaller:1.3.1] AndroidManifest.xml:41:17-91
262-->[androidx.profileinstaller:profileinstaller:1.3.1] AndroidManifest.xml:41:25-88
263            </intent-filter>
264            <intent-filter>
264-->[androidx.profileinstaller:profileinstaller:1.3.1] AndroidManifest.xml:43:13-45:29
265                <action android:name="androidx.profileinstaller.action.SKIP_FILE" />
265-->[androidx.profileinstaller:profileinstaller:1.3.1] AndroidManifest.xml:44:17-85
265-->[androidx.profileinstaller:profileinstaller:1.3.1] AndroidManifest.xml:44:25-82
266            </intent-filter>
267            <intent-filter>
267-->[androidx.profileinstaller:profileinstaller:1.3.1] AndroidManifest.xml:46:13-48:29
268                <action android:name="androidx.profileinstaller.action.SAVE_PROFILE" />
268-->[androidx.profileinstaller:profileinstaller:1.3.1] AndroidManifest.xml:47:17-88
268-->[androidx.profileinstaller:profileinstaller:1.3.1] AndroidManifest.xml:47:25-85
269            </intent-filter>
270            <intent-filter>
270-->[androidx.profileinstaller:profileinstaller:1.3.1] AndroidManifest.xml:49:13-51:29
271                <action android:name="androidx.profileinstaller.action.BENCHMARK_OPERATION" />
271-->[androidx.profileinstaller:profileinstaller:1.3.1] AndroidManifest.xml:50:17-95
271-->[androidx.profileinstaller:profileinstaller:1.3.1] AndroidManifest.xml:50:25-92
272            </intent-filter>
273        </receiver>
274
275        <service
275-->[com.google.android.datatransport:transport-backend-cct:3.3.0] AndroidManifest.xml:26:9-32:19
276            android:name="com.google.android.datatransport.runtime.backends.TransportBackendDiscovery"
276-->[com.google.android.datatransport:transport-backend-cct:3.3.0] AndroidManifest.xml:27:13-103
277            android:exported="false" >
277-->[com.google.android.datatransport:transport-backend-cct:3.3.0] AndroidManifest.xml:28:13-37
278            <meta-data
278-->[com.google.android.datatransport:transport-backend-cct:3.3.0] AndroidManifest.xml:29:13-31:39
279                android:name="backend:com.google.android.datatransport.cct.CctBackendFactory"
279-->[com.google.android.datatransport:transport-backend-cct:3.3.0] AndroidManifest.xml:30:17-94
280                android:value="cct" />
280-->[com.google.android.datatransport:transport-backend-cct:3.3.0] AndroidManifest.xml:31:17-36
281        </service>
282        <service
282-->[com.google.android.datatransport:transport-runtime:3.3.0] AndroidManifest.xml:24:9-28:19
283            android:name="com.google.android.datatransport.runtime.scheduling.jobscheduling.JobInfoSchedulerService"
283-->[com.google.android.datatransport:transport-runtime:3.3.0] AndroidManifest.xml:25:13-117
284            android:exported="false"
284-->[com.google.android.datatransport:transport-runtime:3.3.0] AndroidManifest.xml:26:13-37
285            android:permission="android.permission.BIND_JOB_SERVICE" >
285-->[com.google.android.datatransport:transport-runtime:3.3.0] AndroidManifest.xml:27:13-69
286        </service>
287
288        <receiver
288-->[com.google.android.datatransport:transport-runtime:3.3.0] AndroidManifest.xml:30:9-32:40
289            android:name="com.google.android.datatransport.runtime.scheduling.jobscheduling.AlarmManagerSchedulerBroadcastReceiver"
289-->[com.google.android.datatransport:transport-runtime:3.3.0] AndroidManifest.xml:31:13-132
290            android:exported="false" />
290-->[com.google.android.datatransport:transport-runtime:3.3.0] AndroidManifest.xml:32:13-37
291    </application>
292
293</manifest>